<?xml version="1.0" encoding="UTF-8"?>
<!-- Generated by org.testng.reporters.JUnitReportReporter -->
<testsuite hostname="LAPTOP-OJ524D50" failures="0" tests="2" name="com.testing.VerifyGoogleSearch" time="0.203" errors="0" timestamp="2022-11-26T11:04:40 CET" skipped="0">
  <testcase classname="com.testing.VerifyGoogleSearch" name="verifyGoogleSearch" time="0.162"/>
  <system-out/>
  <testcase classname="com.testing.VerifyGoogleSearch" name="verifyGmailLinkDisplayed" time="0.041"/>
  <system-out/>
</testsuite> <!-- com.testing.VerifyGoogleSearch -->
