<?xml version="1.0" encoding="UTF-8"?>
<!-- Generated by org.testng.reporters.JUnitReportReporter -->
<testsuite hostname="LAPTOP-OJ524D50" failures="0" tests="2" name="com.testing.VerifyGoogleSearch" time="0.202" errors="0" timestamp="2022-11-26T10:38:09 CET" skipped="0">
  <testcase classname="com.testing.VerifyGoogleSearch" name="verifyGmailLinkDisplayed" time="0.037"/>
  <system-out/>
  <testcase classname="com.testing.VerifyGoogleSearch" name="verifyGoogleSearch" time="0.165"/>
  <system-out/>
</testsuite> <!-- com.testing.VerifyGoogleSearch -->
